epoch,accuracy,loss,precision,recall,val_accuracy,val_loss,val_precision,val_recall
0,0.7148298025131226,0.6727492213249207,0.7349035739898682,0.6861482858657837,0.7641132473945618,0.5535221695899963,0.7736348509788513,0.7477854490280151
1,0.7746589779853821,0.5237510204315186,0.7858801484107971,0.7588859796524048,0.7931544780731201,0.47391003370285034,0.8017867803573608,0.7826326489448547
2,0.8039158582687378,0.4580668807029724,0.8141747713088989,0.7907589673995972,0.8044565916061401,0.449050635099411,0.8123346567153931,0.7963213920593262
3,0.8254349827766418,0.41214480996131897,0.8337631225585938,0.8156121969223022,0.8394988179206848,0.38330262899398804,0.8454574346542358,0.8325454592704773
4,0.8409448266029358,0.37934762239456177,0.8478889465332031,0.8328432440757751,0.8522695899009705,0.35268348455429077,0.8593498468399048,0.8450523018836975
5,0.8522748351097107,0.3539697229862213,0.8587102890014648,0.8447878956794739,0.858741044998169,0.34183189272880554,0.8641258478164673,0.8535661697387695
6,0.8616526126861572,0.3346010744571686,0.8677226305007935,0.855040967464447,0.8598425984382629,0.3348941206932068,0.8662905693054199,0.8528318405151367
7,0.8660218119621277,0.32144129276275635,0.8718733191490173,0.8598576784133911,0.8711905479431152,0.3075908124446869,0.8767530918121338,0.8650633096694946
8,0.8720015287399292,0.307813823223114,0.8773036599159241,0.866270124912262,0.8780406713485718,0.2917602062225342,0.8828216791152954,0.8733706474304199
9,0.8759453892707825,0.29870760440826416,0.8810533881187439,0.8705533146858215,0.8823205232620239,0.28421294689178467,0.8873499035835266,0.8777078986167908
10,0.8811038732528687,0.28724679350852966,0.8859654664993286,0.8761322498321533,0.8844662308692932,0.2789403200149536,0.8891221284866333,0.8796241283416748
11,0.8838380575180054,0.28111767768859863,0.8883299231529236,0.8792327642440796,0.8904787302017212,0.2673865258693695,0.8940687775611877,0.8866004347801208
12,0.8867000341415405,0.2740459442138672,0.8908838033676147,0.8823234438896179,0.8912933468818665,0.2639416456222534,0.8952445983886719,0.8869446516036987
13,0.8901841044425964,0.26603904366493225,0.8939639925956726,0.8861345052719116,0.8937373757362366,0.25712770223617554,0.8973658680915833,0.890065610408783
14,0.8922617435455322,0.2623727321624756,0.8961254358291626,0.8881580829620361,0.894873321056366,0.25562217831611633,0.8981034159660339,0.8910753726959229
15,0.8936509490013123,0.25732696056365967,0.8974685072898865,0.8898202180862427,0.8957223892211914,0.25213831663131714,0.8993962407112122,0.8922342658042908
16,0.8963285684585571,0.2518342435359955,0.8999231457710266,0.8926256895065308,0.8970649242401123,0.25127702951431274,0.9008908867835999,0.8934275507926941
17,0.8979390859603882,0.24788632988929749,0.9014860987663269,0.894300103187561,0.899830162525177,0.24410170316696167,0.9025404453277588,0.8968239426612854
18,0.899692177772522,0.2449854016304016,0.9030157327651978,0.8963015079498291,0.900495707988739,0.24170932173728943,0.903594970703125,0.8977992534637451
19,0.9017009735107422,0.2392958551645279,0.9049335718154907,0.8985611200332642,0.9063360691070557,0.2326606661081314,0.9086098074913025,0.9042936563491821
20,0.902908205986023,0.2371416836977005,0.9060201048851013,0.8997536301612854,0.9058771133422852,0.227570578455925,0.9085401296615601,0.9033068418502808
21,0.9044498801231384,0.2326788306236267,0.9075660705566406,0.9013469219207764,0.9106044769287109,0.22176307439804077,0.9132015705108643,0.9076899886131287
22,0.9056694507598877,0.2301008701324463,0.9087034463882446,0.9026574492454529,0.9073457717895508,0.22896206378936768,0.910114049911499,0.9046837687492371
23,0.906620979309082,0.228337362408638,0.9096149802207947,0.9036188125610352,0.9081375002861023,0.2245553433895111,0.9105708599090576,0.905555784702301
24,0.9085265398025513,0.22457996010780334,0.9112743735313416,0.9056325554847717,0.9120616912841797,0.21847300231456757,0.9147340655326843,0.9096750617027283
25,0.9091387391090393,0.22137147188186646,0.9119468927383423,0.90629643201828,0.9073457717895508,0.22726137936115265,0.909770131111145,0.905406653881073
26,0.9098788499832153,0.22115939855575562,0.912717878818512,0.9070783257484436,0.9081031084060669,0.2237578183412552,0.9106201529502869,0.9056361317634583
27,0.9097288250923157,0.21971867978572845,0.9125930666923523,0.9070709347724915,0.9143106341362,0.2126961201429367,0.9169908165931702,0.9114879965782166
28,0.9119147062301636,0.21647775173187256,0.9147771000862122,0.9091338515281677,0.9104323387145996,0.21974226832389832,0.9129506945610046,0.908194899559021
29,0.9121728539466858,0.21383510529994965,0.914857029914856,0.9097755551338196,0.9159170389175415,0.2077569216489792,0.918400764465332,0.9135533571243286
30,0.9129793643951416,0.2126980721950531,0.9156684875488281,0.9102943539619446,0.9182348251342773,0.20481477677822113,0.9200977087020874,0.9161809086799622
31,0.9137415289878845,0.21100330352783203,0.9163041114807129,0.9113565683364868,0.9183725118637085,0.20325206220149994,0.9205812811851501,0.9158596396446228
32,0.9148135781288147,0.2087707817554474,0.9172990322113037,0.9124408960342407,0.9175119400024414,0.20422007143497467,0.9192455410957336,0.9154695272445679
33,0.9155216813087463,0.206858828663826,0.9179569482803345,0.9130998253822327,0.918452799320221,0.20244598388671875,0.9209455251693726,0.9164333343505859
34,0.9158093929290771,0.2072691172361374,0.9182544946670532,0.9135718941688538,0.918395459651947,0.20204949378967285,0.9206008911132812,0.9162383079528809
35,0.9171051383018494,0.20379507541656494,0.919512927532196,0.9147447347640991,0.9191871881484985,0.20232395827770233,0.9211190342903137,0.9172824621200562
36,0.9170289039611816,0.20362147688865662,0.9193625450134277,0.9147397875785828,0.9187052249908447,0.20145198702812195,0.920111894607544,0.9172824621200562
37,0.918526291847229,0.20101329684257507,0.9206261038780212,0.9162912964820862,0.9188199639320374,0.20189239084720612,0.9210144281387329,0.9171677231788635
38,0.9186639785766602,0.19886013865470886,0.9209768772125244,0.9164683222770691,0.921000063419342,0.19701366126537323,0.922964334487915,0.9190036058425903
39,0.9192270636558533,0.19797736406326294,0.9216346740722656,0.9172157645225525,0.9176496267318726,0.21123656630516052,0.9197773337364197,0.9157564043998718
40,0.9199548363685608,0.19683274626731873,0.9220752716064453,0.9177517890930176,0.9207361936569214,0.1987280249595642,0.9227144718170166,0.9189347624778748
41,0.9213932156562805,0.19433318078517914,0.9235625863075256,0.9193229675292969,0.921137809753418,0.19820469617843628,0.9233092069625854,0.9191986322402954
42,0.9212653636932373,0.19426485896110535,0.9234819412231445,0.9190155863761902,0.9238686561584473,0.19105814397335052,0.9259903430938721,0.922101616859436
43,0.9213317632675171,0.1937672346830368,0.9236311316490173,0.9191164374351501,0.9197379350662231,0.19959686696529388,0.9221132397651672,0.9180397391319275
44,0.9218210577964783,0.19227606058120728,0.924126923084259,0.9197188019752502,0.9244423508644104,0.19093473255634308,0.9260679483413696,0.9225720763206482
45,0.9225365519523621,0.1898791640996933,0.9246904850006104,0.920434296131134,0.9274371266365051,0.18487705290317535,0.9292173981666565,0.9254750609397888
46,0.9235544800758362,0.18964067101478577,0.9256306886672974,0.9213588237762451,0.9251881837844849,0.18524466454982758,0.9271135926246643,0.9235817790031433
47,0.923547089099884,0.1891978681087494,0.925783634185791,0.9213858842849731,0.9229621887207031,0.19438724219799042,0.9248847961425781,0.9211492538452148
48,0.9242085218429565,0.18805177509784698,0.9263296127319336,0.9222070574760437,0.923019528388977,0.19486656785011292,0.9250492453575134,0.9210689663887024
49,0.924360990524292,0.186398446559906,0.9263299703598022,0.9223669171333313,0.9234326481819153,0.19211484491825104,0.9252932071685791,0.921619713306427
50,0.9244371652603149,0.18545709550380707,0.9264639019966125,0.9224455952644348,0.927299439907074,0.1849631369113922,0.929431140422821,0.9250160455703735
51,0.9254871010780334,0.1841181218624115,0.9276297092437744,0.9236405491828918,0.925761878490448,0.18466252088546753,0.927840530872345,0.9238801002502441
52,0.9258608222007751,0.18303874135017395,0.9280996322631836,0.9238643050193787,0.9288025498390198,0.17927753925323486,0.9303594827651978,0.9270929098129272
53,0.9261140823364258,0.1821986734867096,0.92819744348526,0.924075722694397,0.9268863797187805,0.18291360139846802,0.9287368059158325,0.9250389933586121
54,0.926620602607727,0.18201828002929688,0.9287849068641663,0.9245601296424866,0.9262782335281372,0.1851329654455185,0.9285886883735657,0.9244652986526489
55,0.9267533421516418,0.1812465339899063,0.9289476275444031,0.9246535301208496,0.9268748760223389,0.18569447100162506,0.9288166165351868,0.9251078367233276
56,0.9270680546760559,0.18045654892921448,0.9291589260101318,0.925204336643219,0.9279075860977173,0.1860467940568924,0.9294825792312622,0.9263470768928528
57,0.9278794527053833,0.17880672216415405,0.9298025369644165,0.9259640574455261,0.9287566542625427,0.1821604073047638,0.9303624033927917,0.9272879362106323
58,0.9274934530258179,0.179178386926651,0.929446280002594,0.9254379272460938,0.9295368790626526,0.17791572213172913,0.9313498735427856,0.9277698993682861
59,0.9282113909721375,0.17744620144367218,0.9301378130912781,0.9260944128036499,0.9306957721710205,0.17631866037845612,0.932465136051178,0.9291697144508362
60,0.9289244413375854,0.1762830913066864,0.9307586550712585,0.9269574284553528,0.9285845160484314,0.18123814463615417,0.9300930500030518,0.9268060326576233
61,0.9288801550865173,0.1767963320016861,0.9307860136032104,0.9268885850906372,0.9303401112556458,0.17631861567497253,0.932205319404602,0.9286648631095886
62,0.9296817183494568,0.1742459088563919,0.9315392971038818,0.9278081655502319,0.9284353852272034,0.18191653490066528,0.9304569959640503,0.9269552230834961
63,0.9299128651618958,0.1737823486328125,0.9318519830703735,0.9281425476074219,0.9302253723144531,0.1816999614238739,0.9317569732666016,0.928699254989624
64,0.9305053949356079,0.17263594269752502,0.9324563145637512,0.9287031292915344,0.9280796647071838,0.1813388168811798,0.9301430583000183,0.9264503121376038
65,0.9301661252975464,0.17239341139793396,0.9319668412208557,0.9283416867256165,0.9288943409919739,0.17909298837184906,0.9304628372192383,0.927345335483551
66,0.9303185343742371,0.17362666130065918,0.9321690201759338,0.9283711910247803,0.926048755645752,0.18965737521648407,0.9280933737754822,0.9244194030761719
67,0.9306333065032959,0.17188766598701477,0.9325649738311768,0.9287105202674866,0.9317514300346375,0.17209722101688385,0.9332243800163269,0.9303974509239197
68,0.9313610792160034,0.171184241771698,0.9332271814346313,0.9295145273208618,0.9288713932037354,0.17553286254405975,0.9306588768959045,0.9273912310600281
69,0.9312455058097839,0.17117705941200256,0.9331664443016052,0.9293645620346069,0.9313268661499023,0.173277348279953,0.9330868124961853,0.929468035697937
70,0.9306038022041321,0.1722794473171234,0.9326189756393433,0.9287253022193909,0.9307416677474976,0.17510944604873657,0.9324834942817688,0.9291238188743591
71,0.9313217401504517,0.16958892345428467,0.9332255125045776,0.9294211268424988,0.9294565916061401,0.17746463418006897,0.9313982725143433,0.9278501868247986
72,0.9325265288352966,0.1683581918478012,0.9342292547225952,0.9307193160057068,0.9303745031356812,0.17528459429740906,0.9321024417877197,0.9285730719566345
73,0.9326789975166321,0.16764846444129944,0.9345471262931824,0.9309234023094177,0.9319809079170227,0.17523227632045746,0.9338477253913879,0.9303974509239197
74,0.932634711265564,0.16749347746372223,0.9344384074211121,0.930884063243866,0.9322907328605652,0.17131167650222778,0.9341771602630615,0.9306613802909851
75,0.9329789280891418,0.16704590618610382,0.9349352121353149,0.9312479496002197,0.9323480725288391,0.1714021861553192,0.9341000914573669,0.9309597015380859
76,0.9331043362617493,0.16678772866725922,0.9347613453865051,0.9314471483230591,0.9321300983428955,0.17035876214504242,0.933659553527832,0.9304777979850769
77,0.9327846765518188,0.16788071393966675,0.9346835017204285,0.9309627413749695,0.9320726990699768,0.17430894076824188,0.9337447881698608,0.9304662942886353
78,0.9334509968757629,0.16531339287757874,0.9351956248283386,0.9317372441291809,0.9351018667221069,0.16551610827445984,0.9367488026618958,0.9336102604866028
79,0.9334559440612793,0.16468827426433563,0.9353050589561462,0.9316807389259338,0.9356985688209534,0.1643018275499344,0.9373841285705566,0.93427574634552
80,0.9337042570114136,0.16495250165462494,0.93552565574646,0.9320569038391113,0.9345855712890625,0.1683114916086197,0.9359899759292603,0.9330365061759949
81,0.9336280822753906,0.1661653369665146,0.9355267286300659,0.9318233132362366,0.9314760565757751,0.17718885838985443,0.9332059025764465,0.9299614429473877
82,0.9332149624824524,0.16719496250152588,0.9349919557571411,0.9315159916877747,0.9319579601287842,0.1728466898202896,0.933637261390686,0.9304662942886353
83,0.9348033666610718,0.16145966947078705,0.9365277290344238,0.933310866355896,0.9352051615715027,0.16453514993190765,0.9365497827529907,0.9337020516395569
84,0.9347221851348877,0.1629103720188141,0.9363835453987122,0.9330059885978699,0.93427574634552,0.16577674448490143,0.9359991550445557,0.9325087070465088
85,0.93406081199646,0.1632927507162094,0.935786783695221,0.9323814511299133,0.933897078037262,0.17087271809577942,0.9353038668632507,0.9327496886253357
86,0.9348648190498352,0.16277053952217102,0.936585009098053,0.9332297444343567,0.9356870651245117,0.1640017032623291,0.9371798038482666,0.9341151118278503
87,0.9347615242004395,0.1620536893606186,0.9365378618240356,0.9331067800521851,0.9331742525100708,0.17161783576011658,0.9350113868713379,0.9317284822463989
88,0.9358065128326416,0.1598932296037674,0.937389612197876,0.934255063533783,0.9328988194465637,0.17422345280647278,0.9341859817504883,0.9311203360557556
89,0.9347443580627441,0.16262343525886536,0.936479926109314,0.9331043362617493,0.9358706474304199,0.16458071768283844,0.9372690916061401,0.9345052242279053
90,0.9358139038085938,0.16021941602230072,0.9374549984931946,0.9342280030250549,0.9334725737571716,0.17146657407283783,0.9350120425224304,0.9322333335876465
91,0.9356934428215027,0.16030724346637726,0.9373728036880493,0.9341345429420471,0.933070957660675,0.16637390851974487,0.9342172145843506,0.9314301609992981
92,0.9357253909111023,0.16033907234668732,0.9374110102653503,0.9340435862541199,0.9316710829734802,0.17449842393398285,0.9333387017250061,0.9300188422203064
93,0.9366990327835083,0.15856176614761353,0.9384462833404541,0.9349459409713745,0.9336446523666382,0.17066431045532227,0.9353408813476562,0.9319923520088196
94,0.9358876347541809,0.16066965460777283,0.9375675320625305,0.9342894554138184,0.935962438583374,0.1657925546169281,0.9374330639839172,0.9343675374984741
95,0.9364286065101624,0.15939992666244507,0.9380415678024292,0.9347664713859558,0.937167227268219,0.1634063869714737,0.9389777183532715,0.9350559711456299
96,0.936672031879425,0.15848587453365326,0.9382920265197754,0.9352213144302368,0.9358935952186584,0.16309800744056702,0.9373115301132202,0.9343216419219971
97,0.9365957975387573,0.15921567380428314,0.9382784962654114,0.9349287152290344,0.9335299134254456,0.16749230027198792,0.9347630739212036,0.932210385799408
98,0.9372203350067139,0.1569637507200241,0.9388144016265869,0.9356196522712708,0.9354116916656494,0.16527225077152252,0.9372415542602539,0.9335528612136841
99,0.9368539452552795,0.15729393064975739,0.9386820197105408,0.9351623058319092,0.9381654858589172,0.15691903233528137,0.9395003318786621,0.9367082715034485
100,0.9372621178627014,0.15731622278690338,0.9389596581459045,0.935570478439331,0.9357444643974304,0.1633133590221405,0.9373733401298523,0.9341036081314087
101,0.937618613243103,0.15687601268291473,0.9392073154449463,0.9359835386276245,0.9376032948493958,0.158824622631073,0.9391274452209473,0.9360886812210083
102,0.9371145963668823,0.15679974853992462,0.9388808012008667,0.9354942440986633,0.9347691535949707,0.16619491577148438,0.936502993106842,0.9329676628112793
103,0.9383537769317627,0.15487927198410034,0.940065860748291,0.9367605447769165,0.9365132451057434,0.1612471640110016,0.9375877380371094,0.9349412322044373
104,0.9382210373878479,0.15442222356796265,0.9398554563522339,0.9366941452026367,0.9352625012397766,0.16086643934249878,0.9372222423553467,0.9341036081314087
105,0.9384570717811584,0.15582427382469177,0.9401341080665588,0.9367777109146118,0.9379130601882935,0.16056060791015625,0.939754843711853,0.9360886812210083
106,0.9369449615478516,0.15708549320697784,0.9387475252151489,0.9352852702140808,0.9368000626564026,0.1616905927658081,0.9381876587867737,0.9353887438774109
107,0.937785804271698,0.15594817698001862,0.9394699335098267,0.9361089468002319,0.9382228851318359,0.15953955054283142,0.9396736025810242,0.9368918538093567
108,0.9376382827758789,0.156061053276062,0.9393412470817566,0.9360130429267883,0.9368574619293213,0.16378748416900635,0.9383431077003479,0.9354575872421265
109,0.9388947486877441,0.15321269631385803,0.9406007528305054,0.9371293187141418,0.9377294778823853,0.16009552776813507,0.939204216003418,0.9362837076187134
110,0.9395881295204163,0.1516333520412445,0.9411680698394775,0.9379259943962097,0.9366968274116516,0.1601431667804718,0.9385111331939697,0.9352051615715027
111,0.938525915145874,0.15515290200710297,0.940148651599884,0.936942458152771,0.9385900497436523,0.15969450771808624,0.9400106072425842,0.9370983839035034
112,0.9387348890304565,0.15441878139972687,0.9403178095817566,0.9371711611747742,0.9384294152259827,0.1559196412563324,0.9399558305740356,0.9370869398117065
113,0.9393619298934937,0.15262264013290405,0.9410158395767212,0.937903881072998,0.9368689060211182,0.16250371932983398,0.9382812976837158,0.935331404209137
114,0.9395143389701843,0.15193772315979004,0.9411041736602783,0.9379456639289856,0.937981903553009,0.15798252820968628,0.939291775226593,0.9368345141410828
115,0.9389439225196838,0.15274561941623688,0.940549910068512,0.9374834299087524,0.9392211437225342,0.1544496864080429,0.9407196044921875,0.9380966424942017
116,0.9390668272972107,0.15337058901786804,0.94077467918396,0.937321126461029,0.9401735067367554,0.15423643589019775,0.9417765140533447,0.9385671019554138
117,0.9400454163551331,0.1505967527627945,0.9416993856430054,0.9385086894035339,0.9399899244308472,0.15549926459789276,0.9414046406745911,0.9385097026824951
118,0.940470814704895,0.14924849569797516,0.9420294165611267,0.9389488101005554,0.9378671646118164,0.1587354689836502,0.9390208721160889,0.9364673495292664
119,0.938850462436676,0.15339386463165283,0.9405441880226135,0.9371539354324341,0.9386588931083679,0.15823093056678772,0.9399123191833496,0.9374426007270813
120,0.938525915145874,0.1545177847146988,0.9401041865348816,0.9368195533752441,0.9391752481460571,0.15503619611263275,0.9405137300491333,0.9377294778823853
121,0.9398388862609863,0.15116511285305023,0.9414121508598328,0.9381669163703918,0.9399095773696899,0.15822885930538177,0.9412901997566223,0.9384064674377441
122,0.9393176436424255,0.1519531011581421,0.9411504864692688,0.9374710917472839,0.938268780708313,0.15990634262561798,0.9395769834518433,0.9369033575057983
123,0.9396692514419556,0.15132927894592285,0.9412988424301147,0.9380562901496887,0.941688060760498,0.15272019803524017,0.9427730441093445,0.9406095147132874
124,0.9410731792449951,0.14725473523139954,0.9426252245903015,0.9396446347236633,0.9389228224754333,0.15889222919940948,0.9403783679008484,0.9376376867294312
125,0.9404732584953308,0.15006177127361298,0.9419615864753723,0.9389808177947998,0.939083456993103,0.1551533341407776,0.9405522346496582,0.9376491904258728
126,0.9408273100852966,0.14939267933368683,0.9424628615379333,0.93924880027771,0.9404603242874146,0.15383857488632202,0.9418350458145142,0.9391981959342957
127,0.9410584568977356,0.14828243851661682,0.942599356174469,0.9395586252212524,0.9416077733039856,0.1544526368379593,0.9428775310516357,0.9405406713485718
128,0.9407240748405457,0.14907018840312958,0.9423635005950928,0.9391381740570068,0.94072425365448,0.15359579026699066,0.9420210123062134,0.9395997524261475
129,0.9406797885894775,0.14922679960727692,0.9422674775123596,0.9390053749084473,0.938417911529541,0.1598988026380539,0.9398671984672546,0.9370524883270264
130,0.9414002299308777,0.1461380422115326,0.9428071975708008,0.9398167729377747,0.9394161701202393,0.15940654277801514,0.9408630132675171,0.9379589557647705
131,0.9411395788192749,0.14807440340518951,0.942874550819397,0.9394504427909851,0.9409881830215454,0.15326865017414093,0.942263662815094,0.9394850134849548
132,0.9416018128395081,0.14698290824890137,0.9432457685470581,0.9401240944862366,0.940437376499176,0.15653210878372192,0.9418243169784546,0.9390146136283875
133,0.9413264393806458,0.14839886128902435,0.9429930448532104,0.9396102428436279,0.9398981332778931,0.15827880799770355,0.9412908554077148,0.938601553440094
134,0.9408174753189087,0.14819122850894928,0.9424651861190796,0.9392881393432617,0.9417225122451782,0.1536669284105301,0.9427434206008911,0.9404718279838562
135,0.9407904148101807,0.14939381182193756,0.9424551129341125,0.9390742182731628,0.941206157207489,0.15340474247932434,0.9426766037940979,0.9398751854896545
136,0.9406183362007141,0.1486026793718338,0.9424163103103638,0.9388849139213562,0.9385671019554138,0.15736210346221924,0.9403089880943298,0.9372016787528992
137,0.9414666295051575,0.14663007855415344,0.943089485168457,0.9397503733634949,0.9401735067367554,0.15547269582748413,0.9416958093643188,0.9386703968048096
138,0.9414149522781372,0.14737120270729065,0.9432269930839539,0.9395487904548645,0.9404259324073792,0.15694795548915863,0.9419967532157898,0.9386245012283325
139,0.9423468708992004,0.14598768949508667,0.9441068172454834,0.9408174753189087,0.939668595790863,0.15619561076164246,0.9410911202430725,0.9379704594612122
140,0.941805899143219,0.14653412997722626,0.9433985948562622,0.9402741193771362,0.9395883083343506,0.15914681553840637,0.9409388303756714,0.9381425380706787
141,0.9411174654960632,0.14970315992832184,0.9429183006286621,0.9393200874328613,0.9400128722190857,0.1549835056066513,0.9414710402488708,0.9383490681648254
142,0.9419854283332825,0.1464797407388687,0.9436806440353394,0.940239667892456,0.9424797892570496,0.15163692831993103,0.9439904093742371,0.9410225749015808
143,0.9429861307144165,0.1431742161512375,0.9445921778678894,0.9414149522781372,0.9418486952781677,0.15298733115196228,0.9429120421409607,0.9405750632286072
144,0.9426812529563904,0.14287137985229492,0.9442158937454224,0.9412674307823181,0.9408046007156372,0.15233108401298523,0.9422370791435242,0.9395883083343506
145,0.9431902170181274,0.14362646639347076,0.9447956085205078,0.9416362643241882,0.9420782327651978,0.15206940472126007,0.9432525634765625,0.9408389925956726
146,0.9422116279602051,0.14694249629974365,0.9439032077789307,0.9405519366264343,0.9416651129722595,0.15279382467269897,0.9433165192604065,0.940437376499176
147,0.9424673318862915,0.14497201144695282,0.9442782402038574,0.940758466720581,0.9284124374389648,0.1860826164484024,0.930316150188446,0.9264732599258423
148,0.9418501853942871,0.14708146452903748,0.9435527920722961,0.940119206905365,0.9414585828781128,0.1525009125471115,0.942593514919281,0.9401276111602783
149,0.943546712398529,0.1416012942790985,0.945187509059906,0.942064106464386,0.9414815306663513,0.15331628918647766,0.9429048299789429,0.9400702118873596
150,0.9430696964263916,0.1443745642900467,0.9445807933807373,0.9414616823196411,0.9413782954216003,0.15433688461780548,0.9424808621406555,0.940242350101471
151,0.9422558546066284,0.14618392288684845,0.9438165426254272,0.9405838847160339,0.9412406086921692,0.15440577268600464,0.9425346851348877,0.9400472640991211
152,0.9427475929260254,0.14438994228839874,0.9443600177764893,0.9411371350288391,0.9372819662094116,0.1657399833202362,0.9387609362602234,0.9359280467033386
153,0.9433327913284302,0.14266400039196014,0.9448431730270386,0.9418649077415466,0.9391981959342957,0.15908168256282806,0.9402753114700317,0.9380851984024048
154,0.9444171190261841,0.13979510962963104,0.9459905028343201,0.9428853392601013,0.9434780478477478,0.15125101804733276,0.9446362257003784,0.9420782327651978
155,0.9427722096443176,0.14506152272224426,0.9444396495819092,0.9411863088607788,0.9405177235603333,0.15477882325649261,0.9418248534202576,0.9392096400260925
156,0.9442352056503296,0.14095786213874817,0.9457876682281494,0.9428460001945496,0.9431338310241699,0.15130838751792908,0.9442259073257446,0.941929042339325
157,0.9439548850059509,0.14113809168338776,0.945501446723938,0.9423443675041199,0.9426404237747192,0.15688703954219818,0.9444137215614319,0.9408160448074341
158,0.9440261721611023,0.14215300977230072,0.9457074999809265,0.9424009323120117,0.9440632462501526,0.14643989503383636,0.9453043341636658,0.9425601363182068
159,0.9444761276245117,0.14037315547466278,0.9460601210594177,0.9430082440376282,0.9371098875999451,0.16511458158493042,0.9385762810707092,0.9355608820915222
160,0.9441909193992615,0.14059007167816162,0.9457702040672302,0.9426959753036499,0.9440976977348328,0.14684255421161652,0.9449208974838257,0.9430994391441345
161,0.9437385201454163,0.1414971500635147,0.9453758597373962,0.9422239065170288,0.9348723888397217,0.1682150512933731,0.9365862011909485,0.9327496886253357
162,0.9429295659065247,0.1453116238117218,0.9447082281112671,0.9411543607711792,0.9421470761299133,0.15337643027305603,0.9435843229293823,0.9405636191368103
163,0.9440532326698303,0.14154569804668427,0.9456043243408203,0.9425632357597351,0.9436272382736206,0.14765526354312897,0.9452612996101379,0.941974937915802
164,0.9440679550170898,0.14060848951339722,0.9457619190216064,0.9425435662269592,0.9429157972335815,0.1497751921415329,0.9444156885147095,0.9414356350898743
165,0.9445769190788269,0.14045104384422302,0.9460927844047546,0.9430943131446838,0.942789614200592,0.15075184404850006,0.9440130591392517,0.9416192173957825
166,0.9446285963058472,0.1396038979291916,0.9463412761688232,0.9430696964263916,0.9435813426971436,0.1463077962398529,0.9447575807571411,0.942307710647583
167,0.9432393908500671,0.14284437894821167,0.9448145031929016,0.9416829943656921,0.9429731965065002,0.15277375280857086,0.9442462921142578,0.9417110085487366
168,0.9415772557258606,0.14784157276153564,0.9435477256774902,0.9397429823875427,0.9426060318946838,0.15213234722614288,0.9438596367835999,0.9414012432098389
169,0.9448301792144775,0.1395784616470337,0.9464547634124756,0.9431828260421753,0.9433862566947937,0.14978738129138947,0.9447289109230042,0.9419864416122437
170,0.9436500072479248,0.14341558516025543,0.945428729057312,0.9420812726020813,0.9419519901275635,0.15521608293056488,0.9432145357131958,0.9405521154403687
171,0.9449260830879211,0.14072561264038086,0.946448564529419,0.9433721303939819,0.9433174133300781,0.14949022233486176,0.9443191885948181,0.9420437812805176
172,0.942944347858429,0.14467227458953857,0.9446561336517334,0.9411813616752625,0.9414126873016357,0.15525682270526886,0.9428686499595642,0.9398177862167358
173,0.945076048374176,0.13816800713539124,0.9465402364730835,0.9436008334159851,0.9433403611183167,0.14609591662883759,0.9446023106575012,0.9420552849769592
174,0.9450637698173523,0.13995009660720825,0.9466453790664673,0.9435589909553528,0.9449352622032166,0.14553818106651306,0.9461020827293396,0.9434207081794739
175,0.9441761374473572,0.1411888301372528,0.9456830024719238,0.9426369667053223,0.9433633089065552,0.14846739172935486,0.9446157217025757,0.9422962069511414
176,0.9447933435440063,0.13973838090896606,0.9463533163070679,0.9432934522628784,0.9446713924407959,0.147321417927742,0.9457318186759949,0.943615734577179
177,0.9446433186531067,0.14054888486862183,0.9461483955383301,0.9431729912757874,0.9450844526290894,0.1471589207649231,0.9462732672691345,0.9439714550971985
178,0.944815456867218,0.14068461954593658,0.9463973641395569,0.9432885646820068,0.9412865042686462,0.15593665838241577,0.9430403709411621,0.9397833943367004
179,0.9446408748626709,0.13935893774032593,0.9463365077972412,0.9430254697799683,0.9435239434242249,0.14885906875133514,0.9447870254516602,0.9422503113746643
180,0.9451522827148438,0.13936816155910492,0.9467001557350159,0.9436229467391968,0.9386703968048096,0.1610877513885498,0.9404023289680481,0.9371328353881836
181,0.9439868330955505,0.1419379562139511,0.9456844925880432,0.9424501061439514,0.9446139931678772,0.1482142060995102,0.9458206295967102,0.9432485699653625
182,0.9452531337738037,0.13831327855587006,0.9467937350273132,0.9438442587852478,0.9457155466079712,0.1457085907459259,0.9469258785247803,0.9445680975914001
183,0.9442573189735413,0.14204373955726624,0.9459725022315979,0.9425534009933472,0.9425027370452881,0.15198220312595367,0.9440587759017944,0.9408848881721497
184,0.9454571604728699,0.13755400478839874,0.9471213221549988,0.9439426064491272,0.9458417296409607,0.14306938648223877,0.9472594261169434,0.9444878101348877
185,0.9451891779899597,0.1390700340270996,0.946784257888794,0.9436229467391968,0.9465531706809998,0.14126096665859222,0.9481244683265686,0.9451762437820435
186,0.9464062452316284,0.13545969128608704,0.9476633071899414,0.9449138045310974,0.9452565908432007,0.1426483690738678,0.9466841816902161,0.9441206455230713
187,0.9445720314979553,0.14061801135540009,0.9462406039237976,0.94306480884552,0.9446254968643188,0.14780642092227936,0.946077823638916,0.9433748126029968
188,0.9460718631744385,0.13763821125030518,0.9476727843284607,0.9445597529411316,0.9443615674972534,0.14983102679252625,0.9455622434616089,0.9430994391441345
189,0.9470160603523254,0.13449929654598236,0.9485223889350891,0.9455161690711975,0.9444419145584106,0.15027299523353577,0.94575035572052,0.9431567788124084
190,0.9440040588378906,0.14187529683113098,0.945857048034668,0.9422755241394043,0.9459564685821533,0.14288528263568878,0.9474998712539673,0.9444992542266846
191,0.9447367787361145,0.1400829404592514,0.9463441371917725,0.9431238174438477,0.9463236927986145,0.14655588567256927,0.9475882053375244,0.9451417922973633
192,0.9434238076210022,0.14387845993041992,0.9450652003288269,0.941832959651947,0.9452336430549622,0.1501612812280655,0.9464226365089417,0.9439140558242798
193,0.9465439319610596,0.13557536900043488,0.9479753375053406,0.9451596736907959,0.94557785987854,0.14627978205680847,0.9468120336532593,0.944476306438446
194,0.9449924826622009,0.13979630172252655,0.9466139674186707,0.9433647990226746,0.9463925361633301,0.14231909811496735,0.9476252198219299,0.944809079170227
195,0.9457719326019287,0.1368088275194168,0.9473822116851807,0.9443679451942444,0.9443960189819336,0.14879117906093597,0.945673942565918,0.9433518648147583
196,0.9469963908195496,0.1347189098596573,0.9487105011940002,0.9454424381256104,0.9456008076667786,0.14449775218963623,0.9466760158538818,0.9445796012878418
197,0.9453268647193909,0.13828729093074799,0.9469053149223328,0.9438786506652832,0.9433403611183167,0.15410637855529785,0.944640040397644,0.9421470761299133
198,0.946502149105072,0.13600057363510132,0.9480292201042175,0.944982647895813,0.9431453347206116,0.15121518075466156,0.9446925520896912,0.9417225122451782
199,0.9467578530311584,0.1359548568725586,0.9484272003173828,0.9450785517692566,0.9459564685821533,0.14371734857559204,0.9472061395645142,0.944717288017273
200,0.9467554092407227,0.13445180654525757,0.948418378829956,0.9452236294746399,0.9438222646713257,0.1571863293647766,0.9452760815620422,0.9426404237747192
201,0.9450932741165161,0.13990916311740875,0.9468924403190613,0.9435049295425415,0.9426863193511963,0.15194426476955414,0.9440608620643616,0.9413094520568848
202,0.9466742873191833,0.13597792387008667,0.9483176469802856,0.945085883140564,0.9463810324668884,0.14449279010295868,0.9472582936286926,0.9452909827232361
203,0.9454866647720337,0.1397940069437027,0.9469849467277527,0.9440138936042786,0.9394391179084778,0.16241087019443512,0.9408955574035645,0.9381425380706787
204,0.9475274682044983,0.1332942396402359,0.9489766359329224,0.946113646030426,0.9458187818527222,0.14522460103034973,0.9469186067581177,0.9446369409561157
205,0.9462833404541016,0.13549701869487762,0.9479777812957764,0.9448031783103943,0.9461286067962646,0.1456775665283203,0.947214663028717,0.9450844526290894
206,0.9465882182121277,0.13597582280635834,0.9482278823852539,0.9450244307518005,0.9445680975914001,0.14446786046028137,0.9461506605148315,0.9431108832359314
207,0.9457916021347046,0.13827884197235107,0.9475902915000916,0.9440581202507019,0.9417684078216553,0.1555299311876297,0.943617045879364,0.9399899244308472
208,0.9457252025604248,0.13845564424991608,0.9474103450775146,0.9440163373947144,0.9487332701683044,0.13728897273540497,0.9500241875648499,0.9472989439964294
209,0.9468980431556702,0.13368023931980133,0.9484947323799133,0.945297360420227,0.9466449618339539,0.14458684623241425,0.9478200078010559,0.9456122517585754
210,0.9458677768707275,0.13687142729759216,0.9474730491638184,0.9443630576133728,0.9466105103492737,0.14225216209888458,0.9478334784507751,0.945245087146759
211,0.9476651549339294,0.13236910104751587,0.9491089582443237,0.9460005760192871,0.9457614421844482,0.14479650557041168,0.9470686316490173,0.9443845152854919
212,0.9453588128089905,0.13831907510757446,0.9469776153564453,0.9436131119728088,0.9428010582923889,0.15038740634918213,0.9444885849952698,0.9413782954216003
213,0.9471561908721924,0.13459059596061707,0.9486149549484253,0.9455875158309937,0.9435239434242249,0.1509982943534851,0.9449251890182495,0.9421929717063904
214,0.947409451007843,0.13376496732234955,0.9489040374755859,0.9459292888641357,0.946403980255127,0.14330124855041504,0.9474380612373352,0.9451877474784851
215,0.947743833065033,0.1331813633441925,0.9491153955459595,0.9462636709213257,0.9450729489326477,0.14815263450145721,0.9462008476257324,0.9440402984619141
216,0.9455260038375854,0.13895303010940552,0.9473012685775757,0.9438098073005676,0.9454516172409058,0.1480582058429718,0.9468439817428589,0.9442583322525024
217,0.9428164958953857,0.14587299525737762,0.9444977641105652,0.9411420226097107,0.9445910453796387,0.1495840698480606,0.9457627534866333,0.9429847002029419
218,0.945956289768219,0.1378486603498459,0.9476000666618347,0.944333553314209,0.9420093894004822,0.15586817264556885,0.9434342384338379,0.9405980110168457
219,0.9471389651298523,0.13570809364318848,0.9487063884735107,0.9455899596214294,0.946736752986908,0.14139248430728912,0.9481582045555115,0.9454057216644287
220,0.9474979639053345,0.13360156118869781,0.9490193724632263,0.9459882974624634,0.9463236927986145,0.14754529297351837,0.9475257992744446,0.945199191570282
221,0.9444023966789246,0.14130567014217377,0.9459771513938904,0.9428115487098694,0.9443042278289795,0.14584684371948242,0.94572913646698,0.9427666664123535
222,0.9476577639579773,0.13357478380203247,0.9491757750511169,0.9461161494255066,0.9464384317398071,0.1464347392320633,0.9476397037506104,0.9450844526290894
223,0.947225034236908,0.1339639574289322,0.9487901926040649,0.9456268548965454,0.9462433457374573,0.1428491622209549,0.9474979639053345,0.9450844526290894
224,0.9475053548812866,0.1329459846019745,0.9489952921867371,0.9460669755935669,0.9458302855491638,0.14373058080673218,0.9470342397689819,0.94476318359375
225,0.9467947483062744,0.1355789750814438,0.9483322501182556,0.9452776908874512,0.9486758708953857,0.13877394795417786,0.9498757719993591,0.9476087689399719
226,0.9476503729820251,0.13269856572151184,0.9493522047996521,0.9460866451263428,0.9471842050552368,0.14700095355510712,0.9486218094825745,0.9461400508880615
227,0.9474979639053345,0.13413488864898682,0.9492636919021606,0.9458653330802917,0.9430076479911804,0.15861786901950836,0.9444584846496582,0.9418143033981323
228,0.9469348788261414,0.1351872980594635,0.9485855102539062,0.9452432990074158,0.9465646147727966,0.14221711456775665,0.9478504061698914,0.9453598260879517
229,0.9454153776168823,0.140097513794899,0.9474160075187683,0.9434139728546143,0.9475858211517334,0.1425115168094635,0.9489002227783203,0.9464613795280457
230,0.947743833065033,0.1333589404821396,0.9494155049324036,0.9461333155632019,0.9477350115776062,0.1433287262916565,0.9490810036659241,0.9467940926551819
231,0.9466668963432312,0.13485008478164673,0.9484698176383972,0.9450416564941406,0.9476087689399719,0.14178790152072906,0.9488893151283264,0.9464613795280457
232,0.9485257267951965,0.13068342208862305,0.9499914646148682,0.9470553994178772,0.9454286694526672,0.14423544704914093,0.9465664029121399,0.9443615674972534
233,0.9456366896629333,0.13825970888137817,0.9473571181297302,0.9441146850585938,0.9466105103492737,0.14167819917201996,0.9480376243591309,0.9453942775726318
234,0.9487420916557312,0.13008727133274078,0.9502339363098145,0.9474045038223267,0.9466564059257507,0.1474141925573349,0.9478678107261658,0.9456925988197327
235,0.9481642842292786,0.13281777501106262,0.9497026801109314,0.9467628002166748,0.9467597007751465,0.1392538696527481,0.9481887817382812,0.9457843899726868
236,0.9478790760040283,0.13280703127384186,0.9494361281394958,0.9462169408798218,0.9408734440803528,0.16159817576408386,0.9425747990608215,0.9390490055084229
237,0.9458677768707275,0.13761314749717712,0.9474717974662781,0.9443384408950806,0.9465302228927612,0.14515310525894165,0.9479237198829651,0.9453024864196777
238,0.9465783834457397,0.13551124930381775,0.9481275081634521,0.9449383616447449,0.947367787361145,0.14406870305538177,0.9483797550201416,0.9463121891021729
239,0.9475446939468384,0.13360260426998138,0.9489650130271912,0.9460694193840027,0.9481710195541382,0.1399080902338028,0.949196994304657,0.9473563432693481
240,0.946760356426239,0.13485802710056305,0.9482762217521667,0.9451891779899597,0.9458876252174377,0.14205314218997955,0.9473332762718201,0.9446484446525574
241,0.9455727338790894,0.13769641518592834,0.9473379254341125,0.9437950849533081,0.9425715804100037,0.15681707859039307,0.9439497590065002,0.9414585828781128
242,0.9473578333854675,0.13448528945446014,0.9489549398422241,0.9457350373268127,0.9467481970787048,0.14512509107589722,0.948108434677124,0.9454975128173828
243,0.9480118155479431,0.13259893655776978,0.9496960639953613,0.9464923143386841,0.9485381841659546,0.1413925290107727,0.949550449848175,0.947654664516449
244,0.9487519264221191,0.12995676696300507,0.9503009915351868,0.9473873376846313,0.9456925988197327,0.14410632848739624,0.9470263719558716,0.9446139931678772
245,0.9486904740333557,0.13036693632602692,0.9501553773880005,0.9472398161888123,0.9494675993919373,0.1390768587589264,0.950519323348999,0.9482398629188538
246,0.9459194540977478,0.1387864351272583,0.9476628303527832,0.9443261623382568,0.9462088942527771,0.14619098603725433,0.9479017853736877,0.9444648623466492
247,0.9489265084266663,0.13053454458713531,0.9503948092460632,0.947576642036438,0.9449238181114197,0.14819014072418213,0.9462612867355347,0.9435468912124634
248,0.9483314752578735,0.13231945037841797,0.9498780369758606,0.9468021392822266,0.9471268653869629,0.14342477917671204,0.9483226537704468,0.9458417296409607
